<?xml version="1.0" encoding="UTF-8"?>
<!-- Generated by org.testng.reporters.JUnitReportReporter -->
<testsuite hostname="Lingeswar" failures="0" tests="2" name="TestNGLearning.ParallelTestNG" time="36.621" errors="0" timestamp="2023-03-26T00:08:01 IST" skipped="0">
  <testcase classname="TestNGLearning.ParallelTestNG" name="openChrome" time="19.013"/>
  <system-out/>
  <testcase classname="TestNGLearning.ParallelTestNG" name="openBing" time="17.608"/>
  <system-out/>
</testsuite> <!-- TestNGLearning.ParallelTestNG -->
