<?xml version="1.0" encoding="UTF-8"?>
<!-- Generated by org.testng.reporters.JUnitReportReporter -->
<testsuite hostname="Lingeswar" failures="0" tests="3" name="TestNGLearning.Dependencies" time="0.075" errors="0" timestamp="2023-03-25T11:29:48 IST" skipped="0">
  <testcase classname="TestNGLearning.Dependencies" name="Highschool" time="0.053"/>
  <system-out/>
  <testcase classname="TestNGLearning.Dependencies" name="UG" time="0.007"/>
  <system-out/>
  <testcase classname="TestNGLearning.Dependencies" name="Highersecondary" time="0.015"/>
  <system-out/>
</testsuite> <!-- TestNGLearning.Dependencies -->
