<?xml version="1.0" encoding="UTF-8"?>
<!-- Generated by org.testng.reporters.JUnitReportReporter -->
<testsuite hostname="Lingeswar" failures="0" tests="2" name="TestNGLearning.GroupTest" time="0.065" errors="0" timestamp="2023-03-25T23:40:25 IST" skipped="0">
  <testcase classname="TestNGLearning.GroupTest" name="Vivo1" time="0.056"/>
  <system-out/>
  <testcase classname="TestNGLearning.GroupTest" name="Vivo2" time="0.009"/>
  <system-out/>
</testsuite> <!-- TestNGLearning.GroupTest -->
