<?xml version="1.0" encoding="UTF-8"?>
<!-- Generated by org.testng.reporters.JUnitReportReporter -->
<testsuite hostname="Lingeswar" failures="0" tests="4" name="TestNGLearning.PriorityTestNG" time="0.096" errors="0" timestamp="2023-03-25T11:18:03 IST" skipped="0">
  <testcase classname="TestNGLearning.PriorityTestNG" name="Startthecar" time="0.052"/>
  <system-out/>
  <testcase classname="TestNGLearning.PriorityTestNG" name="Putfirstgear" time="0.013"/>
  <system-out/>
  <testcase classname="TestNGLearning.PriorityTestNG" name="Putsecondgear" time="0.008"/>
  <system-out/>
  <testcase classname="TestNGLearning.PriorityTestNG" name="Putthirdgear" time="0.023"/>
  <system-out/>
</testsuite> <!-- TestNGLearning.PriorityTestNG -->
