<?xml version="1.0" encoding="UTF-8"?>
<!-- Generated by org.testng.reporters.JUnitReportReporter -->
<testsuite hostname="Lingeswar" failures="0" tests="4" name="TestNGLearning.SuiteExpamle" time="33.759" errors="0" timestamp="2023-03-25T12:21:00 IST" skipped="0">
  <testcase classname="TestNGLearning.SuiteExpamle" name="yahoo" time="28.743"/>
  <system-out/>
  <testcase classname="TestNGLearning.SuiteExpamle" name="closeBrowser" time="0.017"/>
  <system-out/>
  <testcase classname="TestNGLearning.SuiteExpamle" name="google" time="3.900"/>
  <system-out/>
  <testcase classname="TestNGLearning.SuiteExpamle" name="bing" time="1.099"/>
  <system-out/>
</testsuite> <!-- TestNGLearning.SuiteExpamle -->
