<?xml version="1.0" encoding="UTF-8"?>
<!-- Generated by org.testng.reporters.JUnitReportReporter -->
<testsuite hostname="Lingeswar" failures="0" tests="1" name="TestNGLearning.Assertion" time="0.072" errors="0" timestamp="2023-03-27T16:52:22 IST" skipped="0">
  <testcase classname="TestNGLearning.Assertion" name="checkequal" time="0.072"/>
  <system-out/>
</testsuite> <!-- TestNGLearning.Assertion -->
