<?xml version="1.0" encoding="UTF-8"?>
<!-- Generated by org.testng.reporters.JUnitReportReporter -->
<testsuite hostname="Lingeswar" failures="0" tests="1" name="TestNGLearning.Parameterization" time="0.054" errors="0" timestamp="2023-03-25T23:54:42 IST" skipped="0">
  <testcase classname="TestNGLearning.Parameterization" name="printname" time="0.054"/>
  <system-out/>
</testsuite> <!-- TestNGLearning.Parameterization -->
