<?xml version="1.0" encoding="UTF-8"?>
<!-- Generated by org.testng.reporters.JUnitReportReporter -->
<testsuite hostname="Lingeswar" failures="0" tests="3" name="TestNGLearning.SampleTest" time="0.077" errors="0" timestamp="2023-03-25T11:12:54 IST" skipped="0">
  <testcase classname="TestNGLearning.SampleTest" name="Third" time="0.013"/>
  <system-out/>
  <testcase classname="TestNGLearning.SampleTest" name="first" time="0.007"/>
  <system-out/>
  <testcase classname="TestNGLearning.SampleTest" name="Second" time="0.057"/>
  <system-out/>
</testsuite> <!-- TestNGLearning.SampleTest -->
