<?xml version="1.0" encoding="UTF-8"?>
<!-- Generated by org.testng.reporters.JUnitReportReporter -->
<testsuite hostname="Lingeswar" failures="0" tests="5" name="TestNGLearning.SkiptheTestcase" time="0.096" errors="0" timestamp="2023-03-25T11:22:11 IST" skipped="1">
  <testcase classname="TestNGLearning.SkiptheTestcase" name="Startthecar" time="0.059"/>
  <system-out/>
  <testcase classname="TestNGLearning.SkiptheTestcase" name="Putfirstgear" time="0.014"/>
  <system-out/>
  <testcase classname="TestNGLearning.SkiptheTestcase" name="Putsecondgear" time="0.008"/>
  <system-out/>
  <testcase classname="TestNGLearning.SkiptheTestcase" name="Putthirdgear" time="0.015"/>
  <system-out/>
  <testcase classname="TestNGLearning.SkiptheTestcase" name="music">
    <skipped/>
  </testcase> <!-- music -->
  <system-out/>
</testsuite> <!-- TestNGLearning.SkiptheTestcase -->
